INFO:root:2021/04/02 14:05:12 - Gathered CO data.
INFO:root:2021/04/02 14:05:12 - Tweet created.
INFO:root: Twitter message:
 
Last 24-hour #COVID-19 data from #Colorado:
1,586 new cases
8 deaths
466,368 total cases
6,183 total deaths
4.42% state positivity rate
1,756,207 (30.50%) administered first doses
1,028,324 (17.86%) fully vaccinated

Stats last updated: 2021-04-02

#Python
INFO:root:2021/04/02 14:05:12 - Posted to Twitter.

INFO:root:2021/04/02 14:08:58 - Gathered CO data.
INFO:root:2021/04/02 14:09:08 - Tweet created.
INFO:root: Twitter message:
 
Last 24-hour #COVID-19 data from #Colorado:
1,586 new cases
8 deaths
466,368 total cases
6,183 total deaths
4.42% state positivity rate
1,756,207 (30.50%) administered first doses
1,028,324 (17.86%) fully vaccinated

Stats last updated: 2021-04-02

#Python
INFO:root:2021/04/02 14:09:27 - Posted to Twitter.

INFO:root:2021/04/02 14:17:04 - Gathered CO data.
INFO:root:2021/04/02 14:17:04 - Tweet created.
INFO:root: Twitter message:
 
Last 24-hour #COVID-19 data from #Colorado:
1,586 new cases
8 deaths
466,368 total cases
6,183 total deaths
4.42% state positivity rate
1,756,207 (30.50%) administered first doses
1,028,324 (17.86%) fully vaccinated

Stats last updated: 2021-04-02

#Python
INFO:root:2021/04/02 14:17:04 - Posted to Twitter.

INFO:root:2021/04/04 21:12:14 - Gathered CO data.
INFO:root:2021/04/04 21:12:28 - Tweet created.
INFO:root: Twitter message:
 
Last 24-hour #COVID-19 data from #Colorado:
1,050 new cases
3 deaths
469,052 total cases
6,187 total deaths
4.89% state positivity rate
1,889,755 (32.82%) administered first doses
1,108,570 (19.25%) fully vaccinated

Stats last updated: 2021-04-05

#Python
INFO:root:2021/04/04 21:12:30 - Posted to Twitter.

INFO:root:2021/04/04 21:14:49 - Gathered CO data.
INFO:root:2021/04/04 21:14:52 - Tweet created.
INFO:root: Twitter message:
 
Last 24-hour #COVID-19 data from #Colorado:
1,050 new cases
3 deaths
469,052 total cases
6,187 total deaths
4.89% state positivity rate
1,889,755 (32.82%) administered first doses
1,108,570 (19.25%) fully vaccinated

Stats last updated: 2021-04-05

#Python
INFO:root:2021/04/04 21:14:55 - Posted to Twitter.

INFO:root:2021/04/04 21:16:01 - Gathered CO data.
INFO:root:2021/04/04 21:16:02 - Tweet created.
INFO:root: Twitter message:
 
Last 24-hour #COVID-19 data from #Colorado:
1,050 new cases
3 deaths
469,052 total cases
6,187 total deaths
4.89% state positivity rate
1,889,755 (32.82%) administered first doses
1,108,570 (19.25%) fully vaccinated

Stats last updated: 2021-04-05

#Python
INFO:root:2021/04/04 21:16:04 - Posted to Twitter.

INFO:root:2021/04/04 21:16:54 - Gathered CO data.
INFO:root:2021/04/04 21:16:54 - Tweet created.
INFO:root: Twitter message:
 
Last 24-hour #COVID-19 data from #Colorado:
1,050 new cases
3 deaths
469,052 total cases
6,187 total deaths
4.89% state positivity rate
1,889,755 (32.82%) administered first doses
1,108,570 (19.25%) fully vaccinated

Stats last updated: 2021-04-05

#Python
INFO:root:2021/04/04 21:16:54 - Posted to Twitter.

INFO:root:2021/04/04 21:19:19 - Gathered CO data.
INFO:root:2021/04/04 21:19:19 - Tweet created.
INFO:root: Twitter message:
 
Last 24-hour #COVID-19 data from #Colorado:
1,050 new cases
3 deaths
469,052 total cases
6,187 total deaths
4.89% state positivity rate
1,889,755 (32.82%) administered first doses
1,108,570 (19.25%) fully vaccinated

Stats last updated: 2021-04-05

#Python
INFO:root:2021/04/04 21:19:19 - Posted to Twitter.

INFO:root:2021/04/04 21:23:32 - Gathered CO data.
INFO:root:2021/04/04 21:23:32 - Tweet created.
INFO:root: Twitter message:
 
Last 24-hour #COVID-19 data from #Colorado:
1,050 new cases
3 deaths
469,052 total cases
6,187 total deaths
4.89% state positivity rate
1,889,755 (32.82%) administered first doses
1,108,570 (19.25%) fully vaccinated

Stats last updated: 2021-04-05

#Python
INFO:root:2021/04/04 21:23:32 - Posted to Twitter.

INFO:root:2021/04/04 21:24:22 - Gathered CO data.
INFO:root:2021/04/04 21:24:22 - Tweet created.
INFO:root: Twitter message:
 
Last 24-hour #COVID-19 data from #Colorado:
1,050 new cases
3 deaths
469,052 total cases
6,187 total deaths
4.89% state positivity rate
1,889,755 (32.82%) administered first doses
1,108,570 (19.25%) fully vaccinated

Stats last updated: 2021-04-05

#Python
INFO:root:2021/04/04 21:24:22 - Posted to Twitter.

INFO:root:2021/04/04 21:25:53 - Gathered CO data.
INFO:root:2021/04/04 21:25:53 - Tweet created.
INFO:root: Twitter message:
 
Last 24-hour #COVID-19 data from #Colorado:
1,050 new cases
3 deaths
469,052 total cases
6,187 total deaths
4.89% state positivity rate
1,889,755 (32.82%) administered first doses
1,108,570 (19.25%) fully vaccinated

Stats last updated: 2021-04-05

#Python
INFO:root:2021/04/04 21:25:53 - Posted to Twitter.

INFO:root:2021/04/04 21:26:53 - Gathered CO data.
INFO:root:2021/04/04 21:26:53 - Tweet created.
INFO:root: Twitter message:
 
Last 24-hour #COVID-19 data from #Colorado:
1,050 new cases
3 deaths
469,052 total cases
6,187 total deaths
4.89% state positivity rate
1,889,755 (32.82%) administered first doses
1,108,570 (19.25%) fully vaccinated

Stats last updated: 2021-04-05

#Python
INFO:root:2021/04/04 21:26:53 - Posted to Twitter.

INFO:root:2021/04/04 21:27:17 - Gathered CO data.
INFO:root:2021/04/04 21:27:17 - Tweet created.
INFO:root: Twitter message:
 
Last 24-hour #COVID-19 data from #Colorado:
1,050 new cases
3 deaths
469,052 total cases
6,187 total deaths
4.89% state positivity rate
1,889,755 (32.82%) administered first doses
1,108,570 (19.25%) fully vaccinated

Stats last updated: 2021-04-05

#Python
INFO:root:2021/04/04 21:27:17 - Posted to Twitter.

INFO:root:2021/04/04 21:27:50 - Gathered CO data.
INFO:root:2021/04/04 21:27:50 - Tweet created.
INFO:root: Twitter message:
 
Last 24-hour #COVID-19 data from #Colorado:
1,050 new cases
3 deaths
469,052 total cases
6,187 total deaths
4.89% state positivity rate
1,889,755 (32.82%) administered first doses
1,108,570 (19.25%) fully vaccinated

Stats last updated: 2021-04-05

#Python
INFO:root:2021/04/04 21:27:50 - Posted to Twitter.

INFO:root:2021/04/04 21:28:12 - Gathered CO data.
INFO:root:2021/04/04 21:28:12 - Tweet created.
INFO:root: Twitter message:
 
Last 24-hour #COVID-19 data from #Colorado:
1,050 new cases
3 deaths
469,052 total cases
6,187 total deaths
4.89% state positivity rate
1,889,755 (32.82%) administered first doses
1,108,570 (19.25%) fully vaccinated

Stats last updated: 2021-04-05

#Python
INFO:root:2021/04/04 21:28:12 - Posted to Twitter.

INFO:root:2021/04/04 21:28:36 - Gathered CO data.
INFO:root:2021/04/04 21:28:36 - Tweet created.
INFO:root: Twitter message:
 
Last 24-hour #COVID-19 data from #Colorado:
1,050 new cases
3 deaths
469,052 total cases
6,187 total deaths
4.89% state positivity rate
1,889,755 (32.82%) administered first doses
1,108,570 (19.25%) fully vaccinated

Stats last updated: 2021-04-05

#Python
INFO:root:2021/04/04 21:28:36 - Posted to Twitter.

INFO:root:2021/04/04 21:28:46 - Gathered CO data.
INFO:root:2021/04/04 21:28:46 - Tweet created.
INFO:root: Twitter message:
 
Last 24-hour #COVID-19 data from #Colorado:
1,050 new cases
3 deaths
469,052 total cases
6,187 total deaths
4.89% state positivity rate
1,889,755 (32.82%) administered first doses
1,108,570 (19.25%) fully vaccinated

Stats last updated: 2021-04-05

#Python
INFO:root:2021/04/04 21:28:46 - Posted to Twitter.

